<?xml version="1.0" encoding="UTF-8"?>
<!-- Generated by org.testng.reporters.JUnitReportReporter -->
<testsuite skipped="0" hostname="Wasim-PC" name="monday18Feb.DemoA" tests="2" failures="0" timestamp="20 Feb 2019 05:24:50 GMT" time="70.261" errors="0">
  <testcase name="testA" time="53.122" classname="monday18Feb.DemoA"/>
  <testcase name="testA" time="17.139" classname="monday18Feb.DemoA"/>
</testsuite> <!-- monday18Feb.DemoA -->
